2012/05/07 18:48:30 - Insertar A base de Datos - Loading transformation from XML file [file:///root/Transformations/DWDNK/SELL_OUT/Liverpool/InsertDatabase.ktr]
2012/05/07 18:48:31 - InsertDatabase - Dispatching started for transformation [InsertDatabase]
2012/05/07 18:48:36 - CSV file input.0 - Header row skipped in file 'file:///root/Transformations/DWDNK/SELL_OUT/Liverpool/Resultado.csv'
2012/05/07 18:48:36 - CSV file input.0 - Finished processing (I=9640, O=0, R=0, W=9639, U=0, E=0)
2012/05/07 18:48:37 - Sort SKU.0 - Finished processing (I=0, O=0, R=9639, W=9639, U=0, E=0)
2012/05/07 18:48:37 - Direccion Cliente (Liverpool).0 - Finished reading query, closing connection.
2012/05/07 18:48:39 - Almacen.0 - Finished reading query, closing connection.
2012/05/07 18:48:39 - Almacen.0 - Finished processing (I=8491, O=0, R=0, W=8491, U=0, E=0)
2012/05/07 18:48:39 - Direccion Tiendas.0 - Finished reading query, closing connection.
2012/05/07 18:49:02 - Direccion Cliente (Liverpool).0 - Finished processing (I=1, O=0, R=0, W=1, U=0, E=0)
2012/05/07 18:49:03 - Direccion Tiendas.0 - Finished processing (I=92, O=0, R=0, W=92, U=0, E=0)
2012/05/07 18:49:16 - DNK Producto-SKU Liverpool.0 - Finished reading query, closing connection.
2012/05/07 18:49:17 - Merge Join.0 - Finished processing (I=0, O=0, R=13363, W=9641, U=0, E=0)
2012/05/07 18:49:17 - Sort id Tienda.0 - Finished processing (I=0, O=0, R=9641, W=9641, U=0, E=0)
2012/05/07 18:49:17 - Merge Join 2.0 - Finished processing (I=0, O=0, R=9733, W=9641, U=0, E=0)
2012/05/07 18:49:17 - Sort rows.0 - Finished processing (I=0, O=0, R=9641, W=9641, U=0, E=0)
2012/05/07 18:49:18 - Merge Join 3.0 - Finished processing (I=0, O=0, R=18132, W=9641, U=0, E=0)
2012/05/07 18:49:18 - DNK Producto-SKU Liverpool.0 - Finished processing (I=3724, O=0, R=0, W=3724, U=0, E=0)
2012/05/07 18:49:18 - Agrega Direccion Cliente.0 - Finished processing (I=0, O=0, R=9642, W=9641, U=0, E=0)
2012/05/07 18:49:26 - Campos de Fecha 2.0 - Finished processing (I=0, O=0, R=9641, W=9641, U=0, E=0)
2012/05/07 18:49:26 - Formula.0 - Finished processing (I=0, O=0, R=9641, W=9641, U=0, E=0)
2012/05/07 18:49:26 - Filter rows.0 - Finished processing (I=0, O=0, R=9641, W=9641, U=0, E=0)
2012/05/07 18:49:26 - Pone en 0 las que no tengan numero.0 - Finished processing (I=0, O=0, R=9641, W=9641, U=0, E=0)
2012/05/07 18:50:24 - Insert / Update.0 - Finished processing (I=9641, O=9639, R=9641, W=9641, U=2, E=0)
