2012/05/07 18:46:46 - Insertar A base de Datos - Loading transformation from XML file [file:///root/Transformations/DWDNK/SELL_OUT/Liverpool/InsertDatabase.ktr]
2012/05/07 18:46:46 - InsertDatabase - Dispatching started for transformation [InsertDatabase]
2012/05/07 18:46:47 - DNK Producto-SKU Liverpool.0 - ERROR (version 4.2.1-stable, build 15952 from 2011-10-25 15.27.10 by buildguy) : An error occurred, processing will be stopped: 
2012/05/07 18:46:47 - DNK Producto-SKU Liverpool.0 - ERROR (version 4.2.1-stable, build 15952 from 2011-10-25 15.27.10 by buildguy) : Error occured while trying to connect to the database
2012/05/07 18:46:47 - DNK Producto-SKU Liverpool.0 - ERROR (version 4.2.1-stable, build 15952 from 2011-10-25 15.27.10 by buildguy) : 
2012/05/07 18:46:47 - DNK Producto-SKU Liverpool.0 - ERROR (version 4.2.1-stable, build 15952 from 2011-10-25 15.27.10 by buildguy) : Error connecting to database: (using class org.postgresql.Driver)
2012/05/07 18:46:47 - DNK Producto-SKU Liverpool.0 - ERROR (version 4.2.1-stable, build 15952 from 2011-10-25 15.27.10 by buildguy) : Conexión rechazada. Verifique que el nombre del Host y el puerto sean correctos y que postmaster este aceptando conexiones TCP/IP.
2012/05/07 18:46:47 - Direccion Cliente (Liverpool).0 - ERROR (version 4.2.1-stable, build 15952 from 2011-10-25 15.27.10 by buildguy) : An error occurred, processing will be stopped: 
2012/05/07 18:46:47 - Direccion Cliente (Liverpool).0 - ERROR (version 4.2.1-stable, build 15952 from 2011-10-25 15.27.10 by buildguy) : Error occured while trying to connect to the database
2012/05/07 18:46:47 - Direccion Cliente (Liverpool).0 - ERROR (version 4.2.1-stable, build 15952 from 2011-10-25 15.27.10 by buildguy) : 
2012/05/07 18:46:47 - Direccion Cliente (Liverpool).0 - ERROR (version 4.2.1-stable, build 15952 from 2011-10-25 15.27.10 by buildguy) : Error connecting to database: (using class org.postgresql.Driver)
2012/05/07 18:46:47 - Direccion Cliente (Liverpool).0 - ERROR (version 4.2.1-stable, build 15952 from 2011-10-25 15.27.10 by buildguy) : Conexión rechazada. Verifique que el nombre del Host y el puerto sean correctos y que postmaster este aceptando conexiones TCP/IP.
2012/05/07 18:46:47 - Direccion Tiendas.0 - ERROR (version 4.2.1-stable, build 15952 from 2011-10-25 15.27.10 by buildguy) : An error occurred, processing will be stopped: 
2012/05/07 18:46:47 - Direccion Tiendas.0 - ERROR (version 4.2.1-stable, build 15952 from 2011-10-25 15.27.10 by buildguy) : Error occured while trying to connect to the database
2012/05/07 18:46:47 - Direccion Tiendas.0 - ERROR (version 4.2.1-stable, build 15952 from 2011-10-25 15.27.10 by buildguy) : 
2012/05/07 18:46:47 - Direccion Tiendas.0 - ERROR (version 4.2.1-stable, build 15952 from 2011-10-25 15.27.10 by buildguy) : Error connecting to database: (using class org.postgresql.Driver)
2012/05/07 18:46:47 - Direccion Tiendas.0 - ERROR (version 4.2.1-stable, build 15952 from 2011-10-25 15.27.10 by buildguy) : Conexión rechazada. Verifique que el nombre del Host y el puerto sean correctos y que postmaster este aceptando conexiones TCP/IP.
2012/05/07 18:46:47 - DNK Producto-SKU Liverpool.0 - ERROR (version 4.2.1-stable, build 15952 from 2011-10-25 15.27.10 by buildguy) : Error initializing step [DNK Producto-SKU Liverpool]
2012/05/07 18:46:47 - Direccion Tiendas.0 - ERROR (version 4.2.1-stable, build 15952 from 2011-10-25 15.27.10 by buildguy) : Error initializing step [Direccion Tiendas]
2012/05/07 18:46:47 - Direccion Cliente (Liverpool).0 - ERROR (version 4.2.1-stable, build 15952 from 2011-10-25 15.27.10 by buildguy) : Error initializing step [Direccion Cliente (Liverpool)]
2012/05/07 18:46:47 - InsertDatabase - ERROR (version 4.2.1-stable, build 15952 from 2011-10-25 15.27.10 by buildguy) : Step [DNK Producto-SKU Liverpool.0] failed to initialize!
2012/05/07 18:46:47 - InsertDatabase - ERROR (version 4.2.1-stable, build 15952 from 2011-10-25 15.27.10 by buildguy) : Step [Direccion Tiendas.0] failed to initialize!
2012/05/07 18:46:47 - InsertDatabase - ERROR (version 4.2.1-stable, build 15952 from 2011-10-25 15.27.10 by buildguy) : Step [Direccion Cliente (Liverpool).0] failed to initialize!
2012/05/07 18:46:47 - DNK Producto-SKU Liverpool.0 - Finished reading query, closing connection.
2012/05/07 18:46:47 - Direccion Tiendas.0 - Finished reading query, closing connection.
2012/05/07 18:46:47 - Almacen.0 - Finished reading query, closing connection.
2012/05/07 18:46:47 - Insertar A base de Datos - ERROR (version 4.2.1-stable, build 15952 from 2011-10-25 15.27.10 by buildguy) : Unable to open transformation: null
2012/05/07 18:46:47 - Insertar A base de Datos - ERROR (version 4.2.1-stable, build 15952 from 2011-10-25 15.27.10 by buildguy) : java.lang.NullPointerException
2012/05/07 18:46:47 - Insertar A base de Datos - ERROR (version 4.2.1-stable, build 15952 from 2011-10-25 15.27.10 by buildguy) : 	at org.pentaho.di.trans.steps.joinrows.JoinRows.dispose(JoinRows.java:467)
2012/05/07 18:46:47 - Insertar A base de Datos - ERROR (version 4.2.1-stable, build 15952 from 2011-10-25 15.27.10 by buildguy) : 	at org.pentaho.di.trans.Trans.prepareExecution(Trans.java:766)
2012/05/07 18:46:47 - Insertar A base de Datos - ERROR (version 4.2.1-stable, build 15952 from 2011-10-25 15.27.10 by buildguy) : 	at org.pentaho.di.trans.Trans.execute(Trans.java:364)
2012/05/07 18:46:47 - Insertar A base de Datos - ERROR (version 4.2.1-stable, build 15952 from 2011-10-25 15.27.10 by buildguy) : 	at org.pentaho.di.job.entries.trans.JobEntryTrans.execute(JobEntryTrans.java:1024)
2012/05/07 18:46:47 - Insertar A base de Datos - ERROR (version 4.2.1-stable, build 15952 from 2011-10-25 15.27.10 by buildguy) : 	at org.pentaho.di.job.Job.execute(Job.java:503)
2012/05/07 18:46:47 - Insertar A base de Datos - ERROR (version 4.2.1-stable, build 15952 from 2011-10-25 15.27.10 by buildguy) : 	at org.pentaho.di.job.Job.execute(Job.java:642)
2012/05/07 18:46:47 - Insertar A base de Datos - ERROR (version 4.2.1-stable, build 15952 from 2011-10-25 15.27.10 by buildguy) : 	at org.pentaho.di.job.Job.execute(Job.java:642)
2012/05/07 18:46:47 - Insertar A base de Datos - ERROR (version 4.2.1-stable, build 15952 from 2011-10-25 15.27.10 by buildguy) : 	at org.pentaho.di.job.Job.execute(Job.java:642)
2012/05/07 18:46:47 - Insertar A base de Datos - ERROR (version 4.2.1-stable, build 15952 from 2011-10-25 15.27.10 by buildguy) : 	at org.pentaho.di.job.Job.execute(Job.java:368)
2012/05/07 18:46:47 - Insertar A base de Datos - ERROR (version 4.2.1-stable, build 15952 from 2011-10-25 15.27.10 by buildguy) : 	at org.pentaho.di.job.Job.run(Job.java:288)
