2012/05/04 17:27:52 - Transformacion - Loading transformation from XML file [file:///root/Transformations/DWDNK/SELL_OUT/Liverpool/LiverpoolReadSpreadSheet.ktr]
2012/05/04 17:27:53 - LiverpoolReadSpreadSheet - Dispatching started for transformation [LiverpoolReadSpreadSheet]
2012/05/04 17:27:54 - Campos.0 - Finished processing (I=0, O=0, R=0, W=16, U=0, E=0)
2012/05/04 17:27:54 - Generate Rows.0 - Finished processing (I=0, O=0, R=0, W=1, U=0, E=0)
2012/05/04 17:27:54 - Excel Input Variables.0 - Finished processing (I=0, O=0, R=1, W=1, U=0, E=0)
2012/05/04 17:27:54 - CSV file input.0 - Header row skipped in file 'file:///root/Transformations/DWDNK/SELL_OUT/Liverpool/Layout.csv'
2012/05/04 17:27:54 - CSV file input.0 - Finished processing (I=20, O=0, R=0, W=19, U=0, E=0)
2012/05/04 17:27:54 - NormalisedField.0 - Finished processing (I=0, O=0, R=19, W=19, U=0, E=0)
2012/05/04 17:27:54 - Normaliser Target.0 - Finished processing (I=0, O=0, R=19, W=19, U=0, E=0)
2012/05/04 17:27:54 - Add constants.0 - Finished processing (I=0, O=0, R=19, W=19, U=0, E=0)
2012/05/04 17:27:54 - Select Date Columns.0 - Finished processing (I=0, O=0, R=19, W=38, U=0, E=0)
2012/05/04 17:27:55 - Append streams.0 - Finished processing (I=0, O=0, R=35, W=35, U=0, E=0)
2012/05/04 17:27:55 - LiverpoolReadSpreadSheetTemplate - Dispatching started for transformation [LiverpoolReadSpreadSheetTemplate]
2012/05/04 17:27:55 - CSV file input.0 - Header row skipped in file 'file:///root/Transformations/DWDNK/SELL_OUT/Liverpool/Layout.csv'
2012/05/04 17:27:55 - CSV file input.0 - Finished processing (I=20, O=0, R=0, W=19, U=0, E=0)
2012/05/04 17:27:56 - Modified Java Script Value.0 - Optimization level set to 9.
2012/05/04 17:27:58 - Add Date.0 - linenr 50000
2012/05/04 17:27:58 - Filter rows.0 - linenr 50000
2012/05/04 17:27:59 - Microsoft Excel Input 2.0 - Finished processing (I=4601, O=0, R=0, W=4601, U=0, E=0)
2012/05/04 17:27:59 - Modified Java Script Value.0 - Finished processing (I=0, O=0, R=4601, W=4601, U=0, E=0)
2012/05/04 17:27:59 - Row Normaliser.0 - Finished processing (I=0, O=0, R=4601, W=87419, U=0, E=0)
2012/05/04 17:27:59 - Filter rows.0 - Finished processing (I=0, O=0, R=87419, W=9639, U=0, E=0)
2012/05/04 17:27:59 - Add Date.0 - Finished processing (I=0, O=0, R=87438, W=87419, U=0, E=0)
2012/05/04 17:27:59 - Resultado.0 - Finished processing (I=0, O=9640, R=9639, W=9639, U=0, E=0)
