2012/05/30 10:13:15 - Transformacion - Loading transformation from XML file [file:///home/mario/Escritorio/Transformations/DWDNK/SELL_OUT/Sanborns/SanbornsReadSpreadSheet.ktr]
2012/05/30 10:13:15 - SanbornsReadSpreadSheet - Dispatching started for transformation [SanbornsReadSpreadSheet]
2012/05/30 10:13:15 - Campos.0 - Finished processing (I=0, O=0, R=0, W=2, U=0, E=0)
2012/05/30 10:13:15 - CSV file input.0 - Header row skipped in file 'file:///home/mario/Escritorio/Transformations/DWDNK/SELL_OUT/Sanborns/Layout.csv'
2012/05/30 10:13:15 - CSV file input.0 - Finished processing (I=166, O=0, R=0, W=165, U=0, E=0)
2012/05/30 10:13:15 - Generate Rows.0 - Finished processing (I=0, O=0, R=0, W=1, U=0, E=0)
2012/05/30 10:13:15 - Add constants.0 - Finished processing (I=0, O=0, R=165, W=165, U=0, E=0)
2012/05/30 10:13:15 - Excel Input Variables.0 - Finished processing (I=0, O=0, R=1, W=1, U=0, E=0)
2012/05/30 10:13:15 - Select Date Columns.0 - Finished processing (I=0, O=0, R=165, W=330, U=0, E=0)
2012/05/30 10:13:15 - NormalisedField.0 - Finished processing (I=0, O=0, R=165, W=165, U=0, E=0)
2012/05/30 10:13:15 - Normaliser Target.0 - Finished processing (I=0, O=0, R=165, W=165, U=0, E=0)
2012/05/30 10:13:15 - Append streams.0 - Finished processing (I=0, O=0, R=167, W=167, U=0, E=0)
2012/05/30 10:13:16 - SanbornsReadSpreadSheetTemplate - Dispatching started for transformation [SanbornsReadSpreadSheetTemplate]
2012/05/30 10:13:16 - CSV file input.0 - Header row skipped in file 'file:///home/mario/Escritorio/Transformations/DWDNK/SELL_OUT/Sanborns/Layout.csv'
2012/05/30 10:13:16 - CSV file input.0 - Finished processing (I=166, O=0, R=0, W=165, U=0, E=0)
2012/05/30 10:13:16 - Microsoft Excel Input 2.0 - Finished processing (I=56, O=0, R=0, W=56, U=0, E=0)
2012/05/30 10:13:16 - Modified Java Script Value.0 - Optimization level set to 9.
2012/05/30 10:13:16 - Row Normaliser.0 - Finished processing (I=0, O=0, R=56, W=9240, U=0, E=0)
2012/05/30 10:13:16 - Modified Java Script Value.0 - Finished processing (I=0, O=0, R=9240, W=9240, U=0, E=0)
2012/05/30 10:13:16 - Add id_tienda.0 - Finished processing (I=0, O=0, R=9405, W=9240, U=0, E=0)
2012/05/30 10:13:16 - Filter rows.0 - Finished processing (I=0, O=0, R=9240, W=0, U=0, E=0)
