2012/06/01 12:34:01 - Insertar A base de Datos - Loading transformation from XML file [file:///root/Transformations/DWDNK/SELL_OUT/Liverpool/InsertDatabase.ktr]
2012/06/01 12:34:02 - InsertDatabase - Dispatching started for transformation [InsertDatabase]
2012/06/01 12:34:02 - CSV file input.0 - Header row skipped in file 'file:///root/Transformations/DWDNK/SELL_OUT/Liverpool/Resultado.csv'
2012/06/01 12:34:03 - Direccion Cliente (Liverpool).0 - Finished reading query, closing connection.
2012/06/01 12:34:03 - Direccion Tiendas.0 - Finished reading query, closing connection.
2012/06/01 12:34:03 - Direccion Cliente (Liverpool).0 - Finished processing (I=1, O=0, R=0, W=1, U=0, E=0)
2012/06/01 12:34:03 - Direccion Tiendas.0 - Finished processing (I=92, O=0, R=0, W=92, U=0, E=0)
2012/06/01 12:34:03 - Almacen.0 - Finished reading query, closing connection.
2012/06/01 12:34:03 - Almacen.0 - Finished processing (I=3615, O=0, R=0, W=3615, U=0, E=0)
2012/06/01 12:34:03 - CSV file input.0 - Finished processing (I=9640, O=0, R=0, W=9639, U=0, E=0)
2012/06/01 12:34:03 - Sort SKU.0 - Finished processing (I=0, O=0, R=9639, W=9639, U=0, E=0)
2012/06/01 12:34:04 - DNK Producto-SKU Liverpool.0 - Finished reading query, closing connection.
2012/06/01 12:34:04 - DNK Producto-SKU Liverpool.0 - Finished processing (I=3726, O=0, R=0, W=3726, U=0, E=0)
2012/06/01 12:34:04 - Merge Join.0 - Finished processing (I=0, O=0, R=13365, W=9641, U=0, E=0)
2012/06/01 12:34:04 - Sort id Tienda.0 - Finished processing (I=0, O=0, R=9641, W=9641, U=0, E=0)
2012/06/01 12:34:05 - Merge Join 2.0 - Finished processing (I=0, O=0, R=9733, W=9641, U=0, E=0)
2012/06/01 12:34:05 - Sort rows.0 - Finished processing (I=0, O=0, R=9641, W=9641, U=0, E=0)
2012/06/01 12:34:05 - Normaliza Genero.0 - Optimization level set to 9.
2012/06/01 12:34:06 - Merge Join 3.0 - Finished processing (I=0, O=0, R=13256, W=9641, U=0, E=0)
2012/06/01 12:34:06 - Agrega Direccion Cliente.0 - Finished processing (I=0, O=0, R=9642, W=9641, U=0, E=0)
2012/06/01 12:34:12 - Campos de Fecha 2.0 - Finished processing (I=0, O=0, R=9641, W=9641, U=0, E=0)
2012/06/01 12:34:12 - Normaliza Genero.0 - Finished processing (I=0, O=0, R=9641, W=9641, U=0, E=0)
2012/06/01 12:34:12 - Formula.0 - Finished processing (I=0, O=0, R=9641, W=9641, U=0, E=0)
2012/06/01 12:34:12 - Filter rows.0 - Finished processing (I=0, O=0, R=9641, W=9641, U=0, E=0)
2012/06/01 12:34:12 - Pone en 0 las que no tengan numero.0 - Finished processing (I=0, O=0, R=9641, W=9641, U=0, E=0)
2012/06/01 12:34:32 - Insert / Update.0 - Finished processing (I=9641, O=9639, R=9641, W=9641, U=2, E=0)
