2012/05/24 11:28:51 - Insertar A base de Datos - Loading transformation from XML file [file:///home/mario/Escritorio/Transformations/DWDNK/SELL_OUT/Liverpool/InsertDatabase.ktr]
2012/05/24 11:28:51 - InsertDatabase - Dispatching started for transformation [InsertDatabase]
2012/05/24 11:28:52 - CSV file input.0 - Header row skipped in file 'file:///home/mario/Escritorio/Transformations/DWDNK/SELL_OUT/Liverpool/Resultado.csv'
2012/05/24 11:28:52 - CSV file input.0 - Finished processing (I=9640, O=0, R=0, W=9639, U=0, E=0)
2012/05/24 11:28:52 - Sort SKU.0 - Finished processing (I=0, O=0, R=9639, W=9639, U=0, E=0)
2012/05/24 11:28:52 - Direccion Cliente (Liverpool).0 - Finished reading query, closing connection.
2012/05/24 11:28:52 - Direccion Tiendas.0 - Finished reading query, closing connection.
2012/05/24 11:28:52 - Direccion Tiendas.0 - Finished processing (I=92, O=0, R=0, W=92, U=0, E=0)
2012/05/24 11:28:52 - Direccion Cliente (Liverpool).0 - Finished processing (I=1, O=0, R=0, W=1, U=0, E=0)
2012/05/24 11:28:52 - Almacen.0 - Finished reading query, closing connection.
2012/05/24 11:28:52 - Almacen.0 - Finished processing (I=2231, O=0, R=0, W=2231, U=0, E=0)
2012/05/24 11:28:56 - DNK Producto-SKU Liverpool.0 - Finished reading query, closing connection.
2012/05/24 11:28:56 - DNK Producto-SKU Liverpool.0 - Finished processing (I=3327, O=0, R=0, W=3327, U=0, E=0)
2012/05/24 11:28:57 - Merge Join.0 - Finished processing (I=0, O=0, R=12966, W=9641, U=0, E=0)
2012/05/24 11:28:57 - Sort id Tienda.0 - Finished processing (I=0, O=0, R=9641, W=9641, U=0, E=0)
2012/05/24 11:28:57 - Merge Join 2.0 - Finished processing (I=0, O=0, R=9733, W=9641, U=0, E=0)
2012/05/24 11:28:57 - Sort rows.0 - Finished processing (I=0, O=0, R=9641, W=9641, U=0, E=0)
2012/05/24 11:28:58 - Merge Join 3.0 - Finished processing (I=0, O=0, R=11872, W=9641, U=0, E=0)
2012/05/24 11:28:58 - Normaliza Genero.0 - Optimization level set to 9.
2012/05/24 11:28:58 - Agrega Direccion Cliente.0 - Finished processing (I=0, O=0, R=9642, W=9641, U=0, E=0)
2012/05/24 11:29:00 - Campos de Fecha 2.0 - Finished processing (I=0, O=0, R=9641, W=9641, U=0, E=0)
2012/05/24 11:29:00 - Formula.0 - Finished processing (I=0, O=0, R=9641, W=9641, U=0, E=0)
2012/05/24 11:29:00 - Normaliza Genero.0 - Finished processing (I=0, O=0, R=9641, W=9641, U=0, E=0)
2012/05/24 11:29:00 - Filter rows.0 - Finished processing (I=0, O=0, R=9641, W=9641, U=0, E=0)
2012/05/24 11:29:00 - Pone en 0 las que no tengan numero.0 - Finished processing (I=0, O=0, R=9641, W=9641, U=0, E=0)
2012/05/24 11:40:04 - Insert / Update.0 - Finished processing (I=3045, O=1, R=3045, W=3044, U=3044, E=0)
