2012/05/25 12:32:53 - Insertar A base de Datos - Loading transformation from XML file [file:///root/Transformations/DWDNK/SELL_OUT/Liverpool/InsertDatabase.ktr]
2012/05/25 12:32:54 - InsertDatabase - Dispatching started for transformation [InsertDatabase]
2012/05/25 12:32:55 - CSV file input.0 - Header row skipped in file 'file:///root/Transformations/DWDNK/SELL_OUT/Liverpool/Resultado.csv'
2012/05/25 12:32:55 - Direccion Tiendas.0 - Finished reading query, closing connection.
2012/05/25 12:32:56 - Direccion Cliente (Liverpool).0 - Finished reading query, closing connection.
2012/05/25 12:32:56 - Direccion Tiendas.0 - Finished processing (I=92, O=0, R=0, W=92, U=0, E=0)
2012/05/25 12:32:56 - Direccion Cliente (Liverpool).0 - Finished processing (I=1, O=0, R=0, W=1, U=0, E=0)
2012/05/25 12:32:57 - Almacen.0 - Finished reading query, closing connection.
2012/05/25 12:32:57 - Almacen.0 - Finished processing (I=3510, O=0, R=0, W=3510, U=0, E=0)
2012/05/25 12:32:58 - CSV file input.0 - Finished processing (I=9640, O=0, R=0, W=9639, U=0, E=0)
2012/05/25 12:32:58 - Sort SKU.0 - Finished processing (I=0, O=0, R=9639, W=9639, U=0, E=0)
2012/05/25 12:33:00 - DNK Producto-SKU Liverpool.0 - Finished reading query, closing connection.
2012/05/25 12:33:00 - DNK Producto-SKU Liverpool.0 - Finished processing (I=3726, O=0, R=0, W=3726, U=0, E=0)
2012/05/25 12:33:01 - Merge Join.0 - Finished processing (I=0, O=0, R=13365, W=9641, U=0, E=0)
2012/05/25 12:33:01 - Sort id Tienda.0 - Finished processing (I=0, O=0, R=9641, W=9641, U=0, E=0)
2012/05/25 12:33:05 - Merge Join 2.0 - Finished processing (I=0, O=0, R=9733, W=9641, U=0, E=0)
2012/05/25 12:33:06 - Normaliza Genero.0 - Optimization level set to 9.
2012/05/25 12:33:06 - Sort rows.0 - Finished processing (I=0, O=0, R=9641, W=9641, U=0, E=0)
2012/05/25 12:33:10 - Agrega Direccion Cliente.0 - Finished processing (I=0, O=0, R=9642, W=9641, U=0, E=0)
2012/05/25 12:33:10 - Merge Join 3.0 - Finished processing (I=0, O=0, R=13151, W=9641, U=0, E=0)
2012/05/25 12:33:23 - Formula.0 - Finished processing (I=0, O=0, R=9641, W=9641, U=0, E=0)
2012/05/25 12:33:24 - Pone en 0 las que no tengan numero.0 - Finished processing (I=0, O=0, R=9641, W=9641, U=0, E=0)
2012/05/25 12:33:23 - Campos de Fecha 2.0 - Finished processing (I=0, O=0, R=9641, W=9641, U=0, E=0)
2012/05/25 12:33:23 - Filter rows.0 - Finished processing (I=0, O=0, R=9641, W=9641, U=0, E=0)
2012/05/25 12:33:23 - Normaliza Genero.0 - Finished processing (I=0, O=0, R=9641, W=9641, U=0, E=0)
2012/05/25 12:33:56 - Insert / Update.0 - Finished processing (I=9641, O=9639, R=9641, W=9641, U=2, E=0)
