2012/06/01 12:33:56 - Transformacion - Loading transformation from XML file [file:///root/Transformations/DWDNK/SELL_OUT/Liverpool/LiverpoolReadSpreadSheet.ktr]
2012/06/01 12:33:57 - LiverpoolReadSpreadSheet - Dispatching started for transformation [LiverpoolReadSpreadSheet]
2012/06/01 12:33:57 - Campos.0 - Finished processing (I=0, O=0, R=0, W=16, U=0, E=0)
2012/06/01 12:33:57 - Generate Rows.0 - Finished processing (I=0, O=0, R=0, W=1, U=0, E=0)
2012/06/01 12:33:57 - Excel Input Variables.0 - Finished processing (I=0, O=0, R=1, W=1, U=0, E=0)
2012/06/01 12:33:57 - CSV file input.0 - Header row skipped in file 'file:///root/Transformations/DWDNK/SELL_OUT/Liverpool/Layout.csv'
2012/06/01 12:33:57 - CSV file input.0 - Finished processing (I=20, O=0, R=0, W=19, U=0, E=0)
2012/06/01 12:33:57 - Add constants.0 - Finished processing (I=0, O=0, R=19, W=19, U=0, E=0)
2012/06/01 12:33:57 - Select Date Columns.0 - Finished processing (I=0, O=0, R=19, W=38, U=0, E=0)
2012/06/01 12:33:57 - NormalisedField.0 - Finished processing (I=0, O=0, R=19, W=19, U=0, E=0)
2012/06/01 12:33:57 - Normaliser Target.0 - Finished processing (I=0, O=0, R=19, W=19, U=0, E=0)
2012/06/01 12:33:57 - Append streams.0 - Finished processing (I=0, O=0, R=35, W=35, U=0, E=0)
2012/06/01 12:33:58 - LiverpoolReadSpreadSheetTemplate - Dispatching started for transformation [LiverpoolReadSpreadSheetTemplate]
2012/06/01 12:33:58 - CSV file input.0 - Header row skipped in file 'file:///root/Transformations/DWDNK/SELL_OUT/Liverpool/Layout.csv'
2012/06/01 12:33:58 - CSV file input.0 - Finished processing (I=20, O=0, R=0, W=19, U=0, E=0)
2012/06/01 12:33:58 - Modified Java Script Value.0 - Optimization level set to 9.
2012/06/01 12:34:00 - Add Date.0 - linenr 50000
2012/06/01 12:34:00 - Filter rows.0 - linenr 50000
2012/06/01 12:34:01 - Microsoft Excel Input 2.0 - Finished processing (I=4601, O=0, R=0, W=4601, U=0, E=0)
2012/06/01 12:34:01 - Modified Java Script Value.0 - Finished processing (I=0, O=0, R=4601, W=4601, U=0, E=0)
2012/06/01 12:34:01 - Row Normaliser.0 - Finished processing (I=0, O=0, R=4601, W=87419, U=0, E=0)
2012/06/01 12:34:01 - Add Date.0 - Finished processing (I=0, O=0, R=87438, W=87419, U=0, E=0)
2012/06/01 12:34:01 - Filter rows.0 - Finished processing (I=0, O=0, R=87419, W=9639, U=0, E=0)
2012/06/01 12:34:01 - Resultado.0 - Finished processing (I=0, O=9640, R=9639, W=9639, U=0, E=0)
