2012/05/08 17:16:08 - Transformacion - Loading transformation from XML file [file:///root/Transformations/DWDNK/SELL_OUT/Liverpool/LiverpoolReadSpreadSheet.ktr]
2012/05/08 17:16:09 - LiverpoolReadSpreadSheet - Dispatching started for transformation [LiverpoolReadSpreadSheet]
2012/05/08 17:16:10 - Generate Rows.0 - Finished processing (I=0, O=0, R=0, W=1, U=0, E=0)
2012/05/08 17:16:10 - Campos.0 - Finished processing (I=0, O=0, R=0, W=16, U=0, E=0)
2012/05/08 17:16:10 - Excel Input Variables.0 - Finished processing (I=0, O=0, R=1, W=1, U=0, E=0)
2012/05/08 17:16:10 - CSV file input.0 - Header row skipped in file 'file:///root/Transformations/DWDNK/SELL_OUT/Liverpool/Layout.csv'
2012/05/08 17:16:10 - CSV file input.0 - Finished processing (I=20, O=0, R=0, W=19, U=0, E=0)
2012/05/08 17:16:10 - Add constants.0 - Finished processing (I=0, O=0, R=19, W=19, U=0, E=0)
2012/05/08 17:16:10 - Select Date Columns.0 - Finished processing (I=0, O=0, R=19, W=38, U=0, E=0)
2012/05/08 17:16:10 - NormalisedField.0 - Finished processing (I=0, O=0, R=19, W=19, U=0, E=0)
2012/05/08 17:16:10 - Normaliser Target.0 - Finished processing (I=0, O=0, R=19, W=19, U=0, E=0)
2012/05/08 17:16:10 - Append streams.0 - Finished processing (I=0, O=0, R=35, W=35, U=0, E=0)
2012/05/08 17:16:11 - LiverpoolReadSpreadSheetTemplate - Dispatching started for transformation [LiverpoolReadSpreadSheetTemplate]
2012/05/08 17:16:11 - CSV file input.0 - Header row skipped in file 'file:///root/Transformations/DWDNK/SELL_OUT/Liverpool/Layout.csv'
2012/05/08 17:16:11 - CSV file input.0 - Finished processing (I=20, O=0, R=0, W=19, U=0, E=0)
2012/05/08 17:16:12 - Modified Java Script Value.0 - Optimization level set to 9.
2012/05/08 17:16:14 - Microsoft Excel Input 2.0 - Finished processing (I=4601, O=0, R=0, W=4601, U=0, E=0)
2012/05/08 17:16:14 - Modified Java Script Value.0 - Finished processing (I=0, O=0, R=4601, W=4601, U=0, E=0)
2012/05/08 17:16:14 - Add Date.0 - linenr 50000
2012/05/08 17:16:14 - Filter rows.0 - linenr 50000
2012/05/08 17:16:14 - Row Normaliser.0 - Finished processing (I=0, O=0, R=4601, W=87419, U=0, E=0)
2012/05/08 17:16:14 - Filter rows.0 - Finished processing (I=0, O=0, R=87419, W=9639, U=0, E=0)
2012/05/08 17:16:14 - Add Date.0 - Finished processing (I=0, O=0, R=87438, W=87419, U=0, E=0)
2012/05/08 17:16:15 - Resultado.0 - Finished processing (I=0, O=9640, R=9639, W=9639, U=0, E=0)
