2012/06/21 01:14:56 - DW Inventario - Loading transformation from XML file [file:///root/Transformations/DWDNK\Trans\INVENTARIO PREDW 2.0.ktr]
2012/06/21 01:14:56 - INVENTARIO PREDW 20 - Dispatching started for transformation [INVENTARIO PREDW 20]
2012/06/21 01:14:58 - FECHA ULTIMA ACTUALIZACION.0 - Finished reading query, closing connection.
2012/06/21 01:14:58 - FECHA ULTIMA ACTUALIZACION.0 - Finished processing (I=1, O=0, R=0, W=1, U=0, E=0)
2012/06/21 01:15:07 - INVENTARIO.0 - linenr 50000
2012/06/21 01:15:08 - Select values .0 - linenr 50000
2012/06/21 01:15:08 - Select values.0 - linenr 50000
2012/06/21 01:15:08 - calculo de valor del inventario.0 - Linenr 50000
2012/06/21 01:15:08 - Add sequence.0 - linenr 50000
2012/06/21 01:15:08 - INVENTARIO.0 - Finished reading query, closing connection.
2012/06/21 01:15:08 - If field value is null.0 - Finished processing (I=0, O=0, R=52621, W=52621, U=0, E=0)
2012/06/21 01:15:08 - Quita Null a Medidas.0 - Finished processing (I=0, O=0, R=52621, W=52621, U=0, E=0)
2012/06/21 01:15:08 - Select values .0 - Finished processing (I=0, O=0, R=52621, W=52621, U=0, E=0)
2012/06/21 01:15:08 - Select values.0 - Finished processing (I=0, O=0, R=52621, W=52621, U=0, E=0)
2012/06/21 01:15:08 - calculo de valor del inventario.0 - Finished processing (I=0, O=0, R=52621, W=52621, U=0, E=0)
2012/06/21 01:15:08 - Add sequence.0 - Finished processing (I=0, O=0, R=52621, W=52621, U=0, E=0)
2012/06/21 01:15:08 - INVENTARIO.0 - Finished processing (I=52621, O=0, R=0, W=52621, U=0, E=0)
2012/06/21 01:15:08 - String operations.0 - Finished processing (I=0, O=0, R=52621, W=52621, U=0, E=0)
2012/06/21 01:15:08 - estado almacen.0 - Finished processing (I=0, O=0, R=52621, W=52621, U=0, E=0)
2012/06/21 01:15:08 - CD ALMACEN.0 - Finished processing (I=0, O=0, R=52621, W=52621, U=0, E=0)
2012/06/21 01:15:08 - GENERO.0 - Finished processing (I=0, O=0, R=52621, W=52621, U=0, E=0)
2012/06/21 01:15:15 - Rangos de precios.0 - Finished processing (I=0, O=0, R=52621, W=52621, U=0, E=0)
2012/06/21 01:15:33 - String operations 2.0 - Finished processing (I=0, O=0, R=52621, W=52621, U=0, E=0)
2012/06/21 01:15:50 - Join Rows (cartesian product).0 - Finished processing (I=0, O=0, R=52622, W=52621, U=0, E=0)
2012/06/21 01:16:02 - Filter rows.0 - linenr 50000
2012/06/21 01:16:02 - Filter rows.0 - Finished processing (I=0, O=0, R=52621, W=52621, U=0, E=0)
2012/06/21 01:16:02 - INVENTARIO AL DIA.0 - Finished processing (I=0, O=0, R=3036, W=3036, U=0, E=0)
2012/06/21 01:16:25 - Add constants 2.0 - Finished processing (I=0, O=0, R=49585, W=49585, U=0, E=0)
2012/06/21 01:16:36 - InventarioDWplano.0 - linenr 50000
2012/06/21 01:16:40 - InventarioDWplano.0 - Finished processing (I=52621, O=3036, R=52621, W=52621, U=2832, E=0)
