2012/06/17 02:40:11 - DW Sell In - Loading transformation from XML file [file:///root/Transformations/DWDNK\Trans\SELL-INN PREDW 3.0.ktr]
2012/06/17 02:40:12 - SELL-INN PREDW 30 - Dispatching started for transformation [SELL-INN PREDW 30]
2012/06/17 02:40:15 - Todas las Facturas.0 - Finished reading query, closing connection.
2012/06/17 02:40:15 - Sort rows.0 - Finished processing (I=0, O=0, R=7841, W=7841, U=0, E=0)
2012/06/17 02:40:15 - Todas las Facturas.0 - Finished processing (I=7841, O=0, R=0, W=7841, U=0, E=0)
2012/06/17 02:40:16 - Descuento  en Facturas.0 - Finished reading query, closing connection.
2012/06/17 02:40:16 - Sort rows 2.0 - Finished processing (I=0, O=0, R=3686, W=3686, U=0, E=0)
2012/06/17 02:40:16 - Descuento  en Facturas.0 - Finished processing (I=3686, O=0, R=0, W=3686, U=0, E=0)
2012/06/17 02:40:17 - Subtotales de las Facturas.0 - Finished reading query, closing connection.
2012/06/17 02:40:17 - Subtotales de las Facturas.0 - Finished processing (I=7839, O=0, R=0, W=7839, U=0, E=0)
2012/06/17 02:40:17 - Left join.0 - Finished processing (I=0, O=0, R=11527, W=7841, U=0, E=0)
2012/06/17 02:40:17 - Sort rows 4.0 - Finished processing (I=0, O=0, R=7839, W=7839, U=0, E=0)
2012/06/17 02:40:17 - Sort rows 4 2.0 - Finished processing (I=0, O=0, R=7841, W=7841, U=0, E=0)
2012/06/17 02:40:18 - Merge Join 2.0 - Finished processing (I=0, O=0, R=15680, W=7841, U=0, E=0)
2012/06/17 02:40:18 - If field value is null.0 - Finished processing (I=0, O=0, R=7841, W=7841, U=0, E=0)
2012/06/17 02:40:18 - Formula 2.0 - Finished processing (I=0, O=0, R=7841, W=7841, U=0, E=0)
2012/06/17 02:40:18 - Select values.0 - Finished processing (I=0, O=0, R=7841, W=7841, U=0, E=0)
2012/06/17 02:40:18 - Sort rows 3 2.0 - Finished processing (I=0, O=0, R=7841, W=7841, U=0, E=0)
2012/06/17 02:40:26 - SELL IN PLANA.0 - linenr 50000
2012/06/17 02:40:26 - Formula.0 - Linenr 50000
2012/06/17 02:40:26 - Split Fields.0 - linenr 50000
2012/06/17 02:40:26 - Add ID a cada registro.0 - linenr 50000
2012/06/17 02:40:27 - Formato y clasificación de Atributos.0 - linenr 50000
2012/06/17 02:40:27 - Filter rows.0 - linenr 50000
2012/06/17 02:40:27 - VENTAS EFECTIVAS.0 - LineNr : 50000
2012/06/17 02:40:27 - Append streams.0 - linenr 50000
2012/06/17 02:40:27 - Coato Total y Subtotal.0 - Linenr 50000
2012/06/17 02:40:27 - Sort rows 3.0 - Linenr 50000
2012/06/17 02:40:45 - SELL IN PLANA.0 - linenr 100000
2012/06/17 02:40:45 - Formula.0 - Linenr 100000
2012/06/17 02:40:45 - Split Fields.0 - linenr 100000
2012/06/17 02:40:45 - Add ID a cada registro.0 - linenr 100000
2012/06/17 02:40:45 - Formato y clasificación de Atributos.0 - linenr 100000
2012/06/17 02:40:45 - Filter rows.0 - linenr 100000
2012/06/17 02:40:45 - VENTAS EFECTIVAS.0 - LineNr : 100000
2012/06/17 02:40:45 - Append streams.0 - linenr 100000
2012/06/17 02:40:45 - Coato Total y Subtotal.0 - Linenr 100000
2012/06/17 02:40:45 - Sort rows 3.0 - Linenr 100000
2012/06/17 02:40:47 - SELL IN PLANA.0 - Finished reading query, closing connection.
2012/06/17 02:40:47 - Formula.0 - Finished processing (I=0, O=0, R=104669, W=104669, U=0, E=0)
2012/06/17 02:40:47 - Split Fields.0 - Finished processing (I=0, O=0, R=104669, W=104669, U=0, E=0)
2012/06/17 02:40:47 - Add ID a cada registro.0 - Finished processing (I=0, O=0, R=104669, W=104669, U=0, E=0)
2012/06/17 02:40:48 - Quita valores nulos.0 - Finished processing (I=0, O=0, R=104669, W=104669, U=0, E=0)
2012/06/17 02:40:48 - Formato y clasificación de Atributos.0 - Finished processing (I=0, O=0, R=104669, W=104669, U=0, E=0)
2012/06/17 02:40:48 - Quita Ceros.0 - Finished processing (I=0, O=0, R=104669, W=104669, U=0, E=0)
2012/06/17 02:40:48 - String .0 - Finished processing (I=0, O=0, R=104669, W=104669, U=0, E=0)
2012/06/17 02:40:48 - Rangos de precios.0 - Finished processing (I=0, O=0, R=104669, W=104669, U=0, E=0)
2012/06/17 02:40:48 - ESTADOS.0 - Finished processing (I=0, O=0, R=104669, W=104669, U=0, E=0)
2012/06/17 02:40:48 - TIENDA ESTADO.0 - Finished processing (I=0, O=0, R=104669, W=104669, U=0, E=0)
2012/06/17 02:40:48 - String.0 - Finished processing (I=0, O=0, R=104669, W=104669, U=0, E=0)
2012/06/17 02:40:48 - VENTAS NO EFECTIVAS.0 - Finished processing (I=0, O=0, R=126, W=126, U=0, E=0)
2012/06/17 02:40:48 - VENTAS EFECTIVAS.0 - Finished processing (I=0, O=0, R=104543, W=104543, U=0, E=0)
2012/06/17 02:40:48 - Filter rows.0 - Finished processing (I=0, O=0, R=104669, W=104669, U=0, E=0)
2012/06/17 02:40:48 - SELL IN PLANA.0 - Finished processing (I=104669, O=0, R=0, W=104669, U=0, E=0)
2012/06/17 02:40:48 - Append streams.0 - Finished processing (I=0, O=0, R=104669, W=104669, U=0, E=0)
2012/06/17 02:40:48 - Coato Total y Subtotal.0 - Finished processing (I=0, O=0, R=104669, W=104669, U=0, E=0)
2012/06/17 02:41:36 - Filter rows 3.0 - linenr 50000
2012/06/17 02:41:36 - descuento %.0 - Linenr 50000
2012/06/17 02:41:36 - DESCUENTO$.0 - Linenr 50000
2012/06/17 02:41:36 - Filter rows 3 2.0 - linenr 50000
2012/06/17 02:41:36 - MARGEN DE VENTA .0 - Linenr 50000
2012/06/17 02:41:36 - Append streams 2.0 - linenr 50000
2012/06/17 02:41:38 - Sort rows 3.0 - Finished processing (I=0, O=0, R=104669, W=104669, U=0, E=0)
2012/06/17 02:41:41 - Merge Join.0 - Finished processing (I=0, O=0, R=112510, W=104669, U=0, E=0)
2012/06/17 02:41:41 - Filter rows 3.0 - linenr 100000
2012/06/17 02:41:42 - Filter rows 3.0 - Finished processing (I=0, O=0, R=104669, W=104669, U=0, E=0)
2012/06/17 02:41:42 - Dummy (do nothing).0 - Finished processing (I=0, O=0, R=642, W=642, U=0, E=0)
2012/06/17 02:42:28 - descuento %.0 - Linenr 100000
2012/06/17 02:42:53 - descuento %.0 - Finished processing (I=0, O=0, R=104027, W=104027, U=0, E=0)
2012/06/17 02:42:56 - Cantidades validas.0 - linenr 50000
2012/06/17 02:43:29 - DESCUENTO$.0 - Linenr 100000
2012/06/17 02:43:44 - DESCUENTO$.0 - Finished processing (I=0, O=0, R=104027, W=104027, U=0, E=0)
2012/06/17 02:43:46 - Filter rows 2.0 - linenr 50000
2012/06/17 02:44:06 - Filter rows 3 2.0 - linenr 100000
2012/06/17 02:44:25 - Filter rows 3 2.0 - Finished processing (I=0, O=0, R=104027, W=104027, U=0, E=0)
2012/06/17 02:44:25 - Add constants.0 - Finished processing (I=0, O=0, R=4909, W=4909, U=0, E=0)
2012/06/17 02:44:28 - vENTA NETA MARGEN BRUTO 1 %.0 - Linenr 50000
2012/06/17 02:44:53 - MARGEN DE VENTA .0 - Finished processing (I=0, O=0, R=99118, W=99118, U=0, E=0)
2012/06/17 02:44:56 - vENTA NETA MARGEN BRUTO 2 % .0 - Linenr 50000
2012/06/17 02:45:31 - Append streams 2.0 - linenr 100000
2012/06/17 02:45:31 - Insert / Update.0 - linenr 50000
2012/06/17 02:45:41 - Append streams 2.0 - Finished processing (I=0, O=0, R=104027, W=104027, U=0, E=0)
2012/06/17 02:45:55 - Cantidades validas.0 - linenr 100000
2012/06/17 02:46:14 - Dummy (do nothing) 2.0 - Finished processing (I=0, O=0, R=126, W=126, U=0, E=0)
2012/06/17 02:46:14 - Cantidades validas.0 - Finished processing (I=0, O=0, R=104027, W=104027, U=0, E=0)
2012/06/17 02:46:28 - Filter rows 2.0 - linenr 100000
2012/06/17 02:46:28 - Filter rows 2.0 - Finished processing (I=0, O=0, R=103901, W=103901, U=0, E=0)
2012/06/17 02:46:28 - Dummy (do nothing) 2 2.0 - Finished processing (I=0, O=0, R=4873, W=4873, U=0, E=0)
2012/06/17 02:46:52 - vENTA NETA MARGEN BRUTO 1 %.0 - Finished processing (I=0, O=0, R=99028, W=99028, U=0, E=0)
2012/06/17 02:47:20 - vENTA NETA MARGEN BRUTO 2 % .0 - Finished processing (I=0, O=0, R=99028, W=99028, U=0, E=0)
2012/06/17 02:47:38 - Insert / Update.0 - Finished processing (I=99028, O=634, R=99028, W=99028, U=52782, E=0)
