2012/06/17 00:05:17 - PREDW SELL IN - Loading transformation from XML file [file:///root/Transformations/DWDNK\SELL_IN\SELL_IN_PLANA.ktr]
2012/06/17 00:05:17 - SELL_IN_PLANA - Dispatching started for transformation [SELL_IN_PLANA]
2012/06/17 00:13:39 - Transforma/Normaliza Tipo .0 - Optimization level set to 9.
2012/06/17 00:13:40 - normaliza tienda_ciudad.0 - Optimization level set to 9.
2012/06/17 00:13:41 - normaliza tienda_estado.0 - Optimization level set to 9.
2012/06/17 00:13:41 - Normaliza Genero.0 - Optimization level set to 9.
2012/06/17 01:27:37 - Table input.0 - linenr 50000
2012/06/17 01:35:47 - Filter rows.0 - linenr 50000
2012/06/17 01:35:47 - Utilidad Positiva.0 - linenr 50000
2012/06/17 01:35:47 - Transforma/Normaliza Tipo .0 - linenr 50000
2012/06/17 01:35:47 - Campos de Fecha 2.0 - Linenr 50000
2012/06/17 01:35:47 - Formula.0 - Linenr 50000
2012/06/17 01:35:47 - normaliza tienda_ciudad.0 - linenr 50000
2012/06/17 01:35:47 - Normaliza Genero.0 - linenr 50000
2012/06/17 01:35:47 - normaliza tienda_estado.0 - linenr 50000
2012/06/17 01:35:47 - Insert / Update.0 - linenr 50000
2012/06/17 01:35:47 - es PV.0 - LineNr : 50000
2012/06/17 01:43:49 - Si.0 - LineNr : 50000
2012/06/17 02:39:54 - Table input.0 - Finished reading query, closing connection.
2012/06/17 02:39:54 - no es PV.0 - Finished processing (I=0, O=0, R=3995, W=3995, U=0, E=0)
2012/06/17 02:39:54 - es PV.0 - Finished processing (I=0, O=0, R=90133, W=90133, U=0, E=0)
2012/06/17 02:39:54 - Utilidad Positiva.0 - Finished processing (I=0, O=0, R=94128, W=94128, U=0, E=0)
2012/06/17 02:39:54 - Filter rows.0 - Finished processing (I=0, O=0, R=94128, W=94128, U=0, E=0)
2012/06/17 02:39:54 - Si.0 - Finished processing (I=0, O=0, R=84739, W=84739, U=0, E=0)
2012/06/17 02:39:54 - Table input.0 - Finished processing (I=94128, O=0, R=0, W=94128, U=0, E=0)
2012/06/17 02:39:54 - No.0 - Finished processing (I=0, O=0, R=9389, W=9389, U=0, E=0)
2012/06/17 02:39:54 - Transforma/Normaliza Tipo .0 - Finished processing (I=0, O=0, R=94128, W=94128, U=0, E=0)
2012/06/17 02:40:03 - normaliza tienda_ciudad.0 - Finished processing (I=0, O=0, R=94128, W=94128, U=0, E=0)
2012/06/17 02:40:03 - normaliza tienda_estado.0 - Finished processing (I=0, O=0, R=94128, W=94128, U=0, E=0)
2012/06/17 02:40:03 - Normaliza Genero.0 - Finished processing (I=0, O=0, R=94128, W=94128, U=0, E=0)
2012/06/17 02:40:03 - Campos de Fecha 2.0 - Finished processing (I=0, O=0, R=94128, W=94128, U=0, E=0)
2012/06/17 02:40:03 - Formula.0 - Finished processing (I=0, O=0, R=94128, W=94128, U=0, E=0)
2012/06/17 02:40:11 - Insert / Update.0 - Finished processing (I=94128, O=747, R=94128, W=94128, U=0, E=0)
