2012/06/10 00:05:20 - PREDW SELL IN - Loading transformation from XML file [file:///root/Transformations/DWDNK\SELL_IN\SELL_IN_PLANA.ktr]
2012/06/10 00:05:20 - SELL_IN_PLANA - Dispatching started for transformation [SELL_IN_PLANA]
2012/06/10 00:08:57 - Transforma/Normaliza Tipo .0 - Optimization level set to 9.
2012/06/10 00:08:58 - normaliza tienda_ciudad.0 - Optimization level set to 9.
2012/06/10 00:08:58 - normaliza tienda_estado.0 - Optimization level set to 9.
2012/06/10 00:08:59 - Normaliza Genero.0 - Optimization level set to 9.
2012/06/10 00:37:27 - Table input.0 - linenr 50000
2012/06/10 00:40:34 - Campos de Fecha 2.0 - Linenr 50000
2012/06/10 00:40:34 - Formula.0 - Linenr 50000
2012/06/10 00:40:34 - Utilidad Positiva.0 - linenr 50000
2012/06/10 00:40:34 - Normaliza Genero.0 - linenr 50000
2012/06/10 00:40:34 - Filter rows.0 - linenr 50000
2012/06/10 00:40:34 - normaliza tienda_ciudad.0 - linenr 50000
2012/06/10 00:40:34 - Insert / Update.0 - linenr 50000
2012/06/10 00:40:34 - normaliza tienda_estado.0 - linenr 50000
2012/06/10 00:40:34 - Transforma/Normaliza Tipo .0 - linenr 50000
2012/06/10 00:40:34 - es PV.0 - LineNr : 50000
2012/06/10 00:43:41 - Si.0 - LineNr : 50000
2012/06/10 01:03:32 - Table input.0 - Finished reading query, closing connection.
2012/06/10 01:03:32 - Utilidad Positiva.0 - Finished processing (I=0, O=0, R=91214, W=91214, U=0, E=0)
2012/06/10 01:03:32 - Transforma/Normaliza Tipo .0 - Finished processing (I=0, O=0, R=91214, W=91214, U=0, E=0)
2012/06/10 01:03:32 - Si.0 - Finished processing (I=0, O=0, R=84156, W=84156, U=0, E=0)
2012/06/10 01:03:32 - no es PV.0 - Finished processing (I=0, O=0, R=3993, W=3993, U=0, E=0)
2012/06/10 01:03:32 - No.0 - Finished processing (I=0, O=0, R=7058, W=7058, U=0, E=0)
2012/06/10 01:03:32 - Table input.0 - Finished processing (I=91214, O=0, R=0, W=91214, U=0, E=0)
2012/06/10 01:03:32 - es PV.0 - Finished processing (I=0, O=0, R=87221, W=87221, U=0, E=0)
2012/06/10 01:03:32 - Filter rows.0 - Finished processing (I=0, O=0, R=91214, W=91214, U=0, E=0)
2012/06/10 01:03:34 - normaliza tienda_ciudad.0 - Finished processing (I=0, O=0, R=91214, W=91214, U=0, E=0)
2012/06/10 01:03:34 - normaliza tienda_estado.0 - Finished processing (I=0, O=0, R=91214, W=91214, U=0, E=0)
2012/06/10 01:03:34 - Normaliza Genero.0 - Finished processing (I=0, O=0, R=91214, W=91214, U=0, E=0)
2012/06/10 01:03:34 - Campos de Fecha 2.0 - Finished processing (I=0, O=0, R=91214, W=91214, U=0, E=0)
2012/06/10 01:03:34 - Formula.0 - Finished processing (I=0, O=0, R=91214, W=91214, U=0, E=0)
2012/06/10 01:03:36 - Insert / Update.0 - Finished processing (I=91214, O=747, R=91214, W=91214, U=356, E=0)
