2012/06/09 00:05:18 - PREDW SELL IN - Loading transformation from XML file [file:///root/Transformations/DWDNK\SELL_IN\SELL_IN_PLANA.ktr]
2012/06/09 00:05:19 - SELL_IN_PLANA - Dispatching started for transformation [SELL_IN_PLANA]
2012/06/09 00:08:33 - Transforma/Normaliza Tipo .0 - Optimization level set to 9.
2012/06/09 00:08:33 - normaliza tienda_ciudad.0 - Optimization level set to 9.
2012/06/09 00:08:34 - normaliza tienda_estado.0 - Optimization level set to 9.
2012/06/09 00:08:35 - Normaliza Genero.0 - Optimization level set to 9.
2012/06/09 00:36:25 - Table input.0 - linenr 50000
2012/06/09 00:39:30 - Filter rows.0 - linenr 50000
2012/06/09 00:39:30 - Transforma/Normaliza Tipo .0 - linenr 50000
2012/06/09 00:39:30 - Utilidad Positiva.0 - linenr 50000
2012/06/09 00:39:30 - normaliza tienda_ciudad.0 - linenr 50000
2012/06/09 00:39:30 - normaliza tienda_estado.0 - linenr 50000
2012/06/09 00:39:30 - Formula.0 - Linenr 50000
2012/06/09 00:39:30 - Campos de Fecha 2.0 - Linenr 50000
2012/06/09 00:39:30 - Normaliza Genero.0 - linenr 50000
2012/06/09 00:39:30 - Insert / Update.0 - linenr 50000
2012/06/09 00:39:30 - es PV.0 - LineNr : 50000
2012/06/09 00:42:35 - Si.0 - LineNr : 50000
2012/06/09 01:02:09 - Table input.0 - Finished reading query, closing connection.
2012/06/09 01:02:09 - Utilidad Positiva.0 - Finished processing (I=0, O=0, R=91214, W=91214, U=0, E=0)
2012/06/09 01:02:09 - No.0 - Finished processing (I=0, O=0, R=7058, W=7058, U=0, E=0)
2012/06/09 01:02:09 - Table input.0 - Finished processing (I=91214, O=0, R=0, W=91214, U=0, E=0)
2012/06/09 01:02:09 - Filter rows.0 - Finished processing (I=0, O=0, R=91214, W=91214, U=0, E=0)
2012/06/09 01:02:09 - es PV.0 - Finished processing (I=0, O=0, R=87221, W=87221, U=0, E=0)
2012/06/09 01:02:09 - no es PV.0 - Finished processing (I=0, O=0, R=3993, W=3993, U=0, E=0)
2012/06/09 01:02:09 - Transforma/Normaliza Tipo .0 - Finished processing (I=0, O=0, R=91214, W=91214, U=0, E=0)
2012/06/09 01:02:09 - Si.0 - Finished processing (I=0, O=0, R=84156, W=84156, U=0, E=0)
2012/06/09 01:02:11 - normaliza tienda_ciudad.0 - Finished processing (I=0, O=0, R=91214, W=91214, U=0, E=0)
2012/06/09 01:02:11 - normaliza tienda_estado.0 - Finished processing (I=0, O=0, R=91214, W=91214, U=0, E=0)
2012/06/09 01:02:11 - Normaliza Genero.0 - Finished processing (I=0, O=0, R=91214, W=91214, U=0, E=0)
2012/06/09 01:02:11 - Campos de Fecha 2.0 - Finished processing (I=0, O=0, R=91214, W=91214, U=0, E=0)
2012/06/09 01:02:11 - Formula.0 - Finished processing (I=0, O=0, R=91214, W=91214, U=0, E=0)
2012/06/09 01:02:13 - Insert / Update.0 - Finished processing (I=91214, O=769, R=91214, W=91214, U=134, E=0)
