2012/05/04 16:06:04 - PREDW SELL IN - Loading transformation from XML file [file:///root/Transformations/DWDNK\SELL_IN\SELL_IN_PLANA.ktr]
2012/05/04 16:06:05 - SELL_IN_PLANA - Dispatching started for transformation [SELL_IN_PLANA]
2012/05/04 16:11:04 - Transforma/Normaliza Tipo .0 - Optimization level set to 9.
2012/05/04 16:44:28 - Table input.0 - linenr 50000
2012/05/04 16:47:42 - Filter rows.0 - linenr 50000
2012/05/04 16:47:42 - Utilidad Positiva.0 - linenr 50000
2012/05/04 16:47:42 - Transforma/Normaliza Tipo .0 - linenr 50000
2012/05/04 16:47:42 - Formula.0 - Linenr 50000
2012/05/04 16:47:42 - Campos de Fecha 2.0 - Linenr 50000
2012/05/04 16:47:42 - Insert / Update.0 - linenr 50000
2012/05/04 16:47:43 - es PV.0 - LineNr : 50000
2012/05/04 16:47:43 - Si.0 - LineNr : 50000
2012/05/04 17:08:19 - Table input.0 - Finished reading query, closing connection.
2012/05/04 17:08:19 - es PV.0 - Finished processing (I=0, O=0, R=82623, W=82623, U=0, E=0)
2012/05/04 17:08:19 - Filter rows.0 - Finished processing (I=0, O=0, R=86400, W=86400, U=0, E=0)
2012/05/04 17:08:19 - no es PV.0 - Finished processing (I=0, O=0, R=3777, W=3777, U=0, E=0)
2012/05/04 17:08:19 - No.0 - Finished processing (I=0, O=0, R=6752, W=6752, U=0, E=0)
2012/05/04 17:08:19 - Utilidad Positiva.0 - Finished processing (I=0, O=0, R=86400, W=86400, U=0, E=0)
2012/05/04 17:08:19 - Si.0 - Finished processing (I=0, O=0, R=79648, W=79648, U=0, E=0)
2012/05/04 17:08:19 - Transforma/Normaliza Tipo .0 - Finished processing (I=0, O=0, R=86400, W=86400, U=0, E=0)
2012/05/04 17:08:19 - Formula.0 - Finished processing (I=0, O=0, R=86400, W=86400, U=0, E=0)
2012/05/04 17:08:19 - Campos de Fecha 2.0 - Finished processing (I=0, O=0, R=86400, W=86400, U=0, E=0)
2012/05/04 17:08:19 - Table input.0 - Finished processing (I=86400, O=0, R=0, W=86400, U=0, E=0)
2012/05/04 17:08:27 - Insert / Update.0 - Finished processing (I=86400, O=21401, R=86400, W=86400, U=0, E=0)
