2012/05/26 00:05:17 - PREDW SELL IN - Loading transformation from XML file [file:///root/Transformations/DWDNK\SELL_IN\SELL_IN_PLANA.ktr]
2012/05/26 00:05:18 - SELL_IN_PLANA - Dispatching started for transformation [SELL_IN_PLANA]
2012/05/26 00:08:23 - Transforma/Normaliza Tipo .0 - Optimization level set to 9.
2012/05/26 00:08:24 - normaliza tienda_ciudad.0 - Optimization level set to 9.
2012/05/26 00:08:25 - normaliza tienda_estado.0 - Optimization level set to 9.
2012/05/26 00:08:25 - Normaliza Genero.0 - Optimization level set to 9.
2012/05/26 00:35:32 - Table input.0 - linenr 50000
2012/05/26 00:38:32 - Filter rows.0 - linenr 50000
2012/05/26 00:38:32 - Utilidad Positiva.0 - linenr 50000
2012/05/26 00:38:32 - Formula.0 - Linenr 50000
2012/05/26 00:38:32 - Campos de Fecha 2.0 - Linenr 50000
2012/05/26 00:38:32 - Normaliza Genero.0 - linenr 50000
2012/05/26 00:38:32 - normaliza tienda_estado.0 - linenr 50000
2012/05/26 00:38:32 - Transforma/Normaliza Tipo .0 - linenr 50000
2012/05/26 00:38:32 - normaliza tienda_ciudad.0 - linenr 50000
2012/05/26 00:38:32 - Insert / Update.0 - linenr 50000
2012/05/26 00:38:33 - es PV.0 - LineNr : 50000
2012/05/26 00:41:33 - Si.0 - LineNr : 50000
2012/05/26 00:59:11 - Filter rows.0 - Finished processing (I=0, O=0, R=89334, W=89334, U=0, E=0)
2012/05/26 00:59:11 - no es PV.0 - Finished processing (I=0, O=0, R=3923, W=3923, U=0, E=0)
2012/05/26 00:59:11 - es PV.0 - Finished processing (I=0, O=0, R=85411, W=85411, U=0, E=0)
2012/05/26 00:59:11 - Table input.0 - Finished reading query, closing connection.
2012/05/26 00:59:11 - Utilidad Positiva.0 - Finished processing (I=0, O=0, R=89334, W=89334, U=0, E=0)
2012/05/26 00:59:11 - No.0 - Finished processing (I=0, O=0, R=6984, W=6984, U=0, E=0)
2012/05/26 00:59:11 - Si.0 - Finished processing (I=0, O=0, R=82350, W=82350, U=0, E=0)
2012/05/26 00:59:11 - Table input.0 - Finished processing (I=89334, O=0, R=0, W=89334, U=0, E=0)
2012/05/26 00:59:11 - Transforma/Normaliza Tipo .0 - Finished processing (I=0, O=0, R=89334, W=89334, U=0, E=0)
2012/05/26 00:59:20 - normaliza tienda_ciudad.0 - Finished processing (I=0, O=0, R=89334, W=89334, U=0, E=0)
2012/05/26 00:59:20 - normaliza tienda_estado.0 - Finished processing (I=0, O=0, R=89334, W=89334, U=0, E=0)
2012/05/26 00:59:20 - Normaliza Genero.0 - Finished processing (I=0, O=0, R=89334, W=89334, U=0, E=0)
2012/05/26 00:59:20 - Campos de Fecha 2.0 - Finished processing (I=0, O=0, R=89334, W=89334, U=0, E=0)
2012/05/26 00:59:20 - Formula.0 - Finished processing (I=0, O=0, R=89334, W=89334, U=0, E=0)
2012/05/26 00:59:25 - Insert / Update.0 - Finished processing (I=89334, O=0, R=89334, W=89334, U=1, E=0)
